<?xml version="1.0" encoding="UTF-8"?>
<!-- Generated by org.testng.reporters.JUnitReportReporter -->
<testsuite hostname="LAPTOP-2LF6BU76" failures="0" tests="1" name="testCases.Tc2Test" time="0.013" errors="0" timestamp="2023-06-07T14:08:49 IST" skipped="0">
  <testcase classname="testCases.Tc2Test" name="m2" time="0.013"/>
  <system-out>
    <![CDATA[Tc2 got passed]]>
  </system-out>
</testsuite> <!-- testCases.Tc2Test -->
