<?xml version="1.0" encoding="UTF-8"?>
<!-- Generated by org.testng.reporters.JUnitReportReporter -->
<testsuite hostname="LAPTOP-2LF6BU76" failures="0" tests="1" name="testCases.Tc1Test" time="0.001" errors="0" timestamp="2023-06-07T14:08:49 IST" skipped="0">
  <testcase classname="testCases.Tc1Test" name="m1" time="0.001"/>
  <system-out>
    <![CDATA[Tc1 got passed]]>
  </system-out>
</testsuite> <!-- testCases.Tc1Test -->
